d:\gl_comptacionproyecto\computación_gl\computación_gl\x64\debug\vc143.pdb
d:\gl_comptacionproyecto\computación_gl\computación_gl\x64\debug\vc143.idb
d:\gl_comptacionproyecto\computación_gl\computación_gl\x64\debug\texture.obj
d:\gl_comptacionproyecto\computación_gl\computación_gl\x64\debug\stb.obj
d:\gl_comptacionproyecto\computación_gl\computación_gl\x64\debug\shaderprogram.obj
d:\gl_comptacionproyecto\computación_gl\computación_gl\x64\debug\shader.obj
d:\gl_comptacionproyecto\computación_gl\computación_gl\x64\debug\mesh.obj
d:\gl_comptacionproyecto\computación_gl\computación_gl\x64\debug\main.obj
d:\gl_comptacionproyecto\computación_gl\computación_gl\x64\debug\camera.obj
d:\gl_comptacionproyecto\computación_gl\computación_gl\x64\debug\glad.obj
d:\gl_comptacionproyecto\computación_gl\x64\debug\computación_gl.exe
d:\gl_comptacionproyecto\computación_gl\x64\debug\computación_gl.pdb
d:\gl_comptacionproyecto\computación_gl\computación_gl\x64\debug\computación_gl.ilk
d:\gl_comptacionproyecto\computación_gl\computación_gl\x64\debug\computación_gl.tlog\cl.command.1.tlog
d:\gl_comptacionproyecto\computación_gl\computación_gl\x64\debug\computación_gl.tlog\cl.items.tlog
d:\gl_comptacionproyecto\computación_gl\computación_gl\x64\debug\computación_gl.tlog\cl.read.1.tlog
d:\gl_comptacionproyecto\computación_gl\computación_gl\x64\debug\computación_gl.tlog\cl.write.1.tlog
d:\gl_comptacionproyecto\computación_gl\computación_gl\x64\debug\computación_gl.tlog\link.command.1.tlog
d:\gl_comptacionproyecto\computación_gl\computación_gl\x64\debug\computación_gl.tlog\link.read.1.tlog
d:\gl_comptacionproyecto\computación_gl\computación_gl\x64\debug\computación_gl.tlog\link.secondary.1.tlog
d:\gl_comptacionproyecto\computación_gl\computación_gl\x64\debug\computación_gl.tlog\link.write.1.tlog
